\BOOKMARK [1][-]{section.1}{\376\377\000C\000h\000a\000p\000t\000e\000r\000\040\0001\000\040\000-\000\040\000O\000p\000t\000i\000m\000i\000z\000a\000t\000i\000o\000n\000\040\000M\000o\000d\000e\000l\000s}{}% 1
\BOOKMARK [2][-]{subsection.1.1}{\376\377\000T\000u\000e\000s\000d\000a\000y\000\040\0000\0001\000/\0001\0004\000/\0002\0000\0002\0005}{section.1}% 2
\BOOKMARK [3][-]{subsubsection.1.1.1}{\376\377\000M\000o\000d\000e\000l\000i\000n\000g\000\040\000O\000v\000e\000r\000v\000i\000e\000w}{subsection.1.1}% 3
\BOOKMARK [3][-]{subsubsection.1.1.2}{\376\377\000E\000x\000a\000m\000p\000l\000e\000\040\000P\000r\000o\000b\000l\000e\000m}{subsection.1.1}% 4
\BOOKMARK [3][-]{subsubsection.1.1.3}{\376\377\000G\000e\000n\000e\000r\000a\000l\000\040\000O\000p\000t\000i\000m\000i\000z\000a\000t\000i\000o\000n\000\040\000D\000e\000f\000i\000n\000i\000t\000i\000o\000n\000s}{subsection.1.1}% 5
\BOOKMARK [3][-]{subsubsection.1.1.4}{\376\377\000S\000p\000e\000c\000i\000f\000i\000c\000\040\000M\000o\000d\000e\000l\000\040\000C\000r\000i\000t\000e\000r\000i\000a}{subsection.1.1}% 6
\BOOKMARK [3][-]{subsubsection.1.1.5}{\376\377\000O\000p\000t\000i\000m\000i\000z\000a\000t\000i\000o\000n\000\040\000C\000o\000n\000c\000e\000p\000t\000s}{subsection.1.1}% 7
\BOOKMARK [1][-]{section.2}{\376\377\000C\000h\000a\000p\000t\000e\000r\000\040\0002\000\040\000-\000\040\000M\000a\000t\000h\000e\000m\000a\000t\000i\000c\000s\000\040\000R\000e\000v\000i\000e\000w}{}% 8
\BOOKMARK [2][-]{subsection.2.1}{\376\377\000T\000h\000u\000r\000s\000d\000a\000y\000\040\0000\0001\000/\0001\0006\000/\0002\0000\0002\0005}{section.2}% 9
\BOOKMARK [3][-]{subsubsection.2.1.1}{\376\377\000C\000h\000a\000p\000t\000e\000r\000\040\000M\000a\000t\000h\000\040\000O\000u\000t\000l\000i\000n\000e}{subsection.2.1}% 10
\BOOKMARK [3][-]{subsubsection.2.1.2}{\376\377\000L\000i\000n\000e\000a\000r\000\040\000A\000l\000g\000e\000b\000r\000a\000\040\000R\000e\000v\000i\000e\000w}{subsection.2.1}% 11
\BOOKMARK [3][-]{subsubsection.2.1.3}{\376\377\000S\000p\000a\000c\000e\000s}{subsection.2.1}% 12
\BOOKMARK [2][-]{subsection.2.2}{\376\377\000T\000u\000e\000s\000d\000a\000y\000\040\0000\0001\000/\0002\0001\000/\0002\0000\0002\0005}{section.2}% 13
\BOOKMARK [3][-]{subsubsection.2.2.1}{\376\377\000M\000a\000t\000r\000i\000x\000\040\000e\000i\000g\000e\000n\000v\000a\000l\000u\000e\000s}{subsection.2.2}% 14
\BOOKMARK [3][-]{subsubsection.2.2.2}{\376\377\000C\000o\000n\000v\000e\000x\000\040\000S\000e\000t\000s}{subsection.2.2}% 15
\BOOKMARK [3][-]{subsubsection.2.2.3}{\376\377\000C\000o\000n\000v\000e\000x\000\040\000F\000u\000n\000c\000t\000i\000o\000n\000s}{subsection.2.2}% 16
\BOOKMARK [3][-]{subsubsection.2.2.4}{\376\377\000P\000r\000o\000p\000e\000r\000t\000i\000e\000s\000\040\000o\000f\000\040\000C\000o\000n\000v\000e\000x\000\040\000F\000u\000n\000c\000t\000i\000o\000n\000s}{subsection.2.2}% 17
\BOOKMARK [3][-]{subsubsection.2.2.5}{\376\377\000Q\000u\000a\000d\000r\000a\000t\000i\000c\000\040\000F\000o\000r\000m\000s}{subsection.2.2}% 18
\BOOKMARK [2][-]{subsection.2.3}{\376\377\000T\000h\000u\000r\000s\000d\000a\000y\000\040\0000\0001\000/\0002\0003\000/\0002\0000\0002\0005}{section.2}% 19
\BOOKMARK [3][-]{subsubsection.2.3.1}{\376\377\000E\000i\000g\000e\000n\000v\000a\000l\000u\000e\000s\000\040\000a\000n\000d\000\040\000E\000i\000g\000e\000n\000v\000e\000c\000t\000o\000r\000s}{subsection.2.3}% 20
\BOOKMARK [3][-]{subsubsection.2.3.2}{\376\377\000C\000o\000n\000v\000e\000x\000i\000t\000y\000\040\000i\000n\000\040\000F\000u\000n\000c\000t\000i\000o\000n\000s}{subsection.2.3}% 21
\BOOKMARK [1][-]{section.3}{\376\377\000C\000h\000a\000p\000t\000e\000r\000\040\0003\000\040\000-\000\040\000I\000D\000K}{}% 22
\BOOKMARK [2][-]{subsection.3.1}{\376\377\000T\000u\000e\000s\000d\000a\000y\000\040\0000\0001\000/\0002\0008\000/\0002\0000\0002\0005}{section.3}% 23
